# JRE version: OpenJDK Runtime Environment (8.0_152-b01) (build 1.8.0_152-release-915-b01)
# Java VM: OpenJDK 64-Bit Server VM (25.152-b01 mixed mode windows-amd64 compressed oops)
Heap:
 PSYoungGen      total 465920K, used 339360K [0x00000000e0000000, 0x00000000ffa80000, 0x0000000100000000)
  eden space 416768K, 77% used [0x00000000e0000000,0x00000000f3a45390,0x00000000f9700000)
  from space 49152K, 35% used [0x00000000f9700000,0x00000000fa822f78,0x00000000fc700000)
  to   space 47616K, 0% used [0x00000000fcc00000,0x00000000fcc00000,0x00000000ffa80000)
 ParOldGen       total 193536K, used 137020K [0x00000000a0000000, 0x00000000abd00000, 0x00000000e0000000)
  object space 193536K, 70% used [0x00000000a0000000,0x00000000a85cf118,0x00000000abd00000)
 Metaspace       used 69958K, capacity 72425K, committed 72724K, reserved 1112064K
  class space    used 8854K, capacity 9428K, committed 9532K, reserved 1048576K
GC Heap History (10 events):
Event: 19.367 GC heap before
{Heap before GC invocations=14 (full 3):
 PSYoungGen      total 389120K, used 388790K [0x00000000e0000000, 0x00000000fdc00000, 0x0000000100000000)
  eden space 361472K, 99% used [0x00000000e0000000,0x00000000f60b1c48,0x00000000f6100000)
  from space 27648K, 99% used [0x00000000f9080000,0x00000000fab7bc98,0x00000000fab80000)
  to   space 48640K, 0% used [0x00000000f6100000,0x00000000f6100000,0x00000000f9080000)
 ParOldGen       total 193536K, used 88474K [0x00000000a0000000, 0x00000000abd00000, 0x00000000e0000000)
  object space 193536K, 45% used [0x00000000a0000000,0x00000000a5666998,0x00000000abd00000)
 Metaspace       used 65191K, capacity 67463K, committed 67604K, reserved 1107968K
  class space    used 8448K, capacity 8965K, committed 9020K, reserved 1048576K
Event: 19.429 GC heap after
Heap after GC invocations=14 (full 3):
 PSYoungGen      total 410112K, used 44563K [0x00000000e0000000, 0x0000000100000000, 0x0000000100000000)
  eden space 361472K, 0% used [0x00000000e0000000,0x00000000e0000000,0x00000000f6100000)
  from space 48640K, 91% used [0x00000000f6100000,0x00000000f8c84ec0,0x00000000f9080000)
  to   space 55296K, 0% used [0x00000000fca00000,0x00000000fca00000,0x0000000100000000)
 ParOldGen       total 193536K, used 88482K [0x00000000a0000000, 0x00000000abd00000, 0x00000000e0000000)
  object space 193536K, 45% used [0x00000000a0000000,0x00000000a5668998,0x00000000abd00000)
 Metaspace       used 65191K, capacity 67463K, committed 67604K, reserved 1107968K
  class space    used 8448K, capacity 8965K, committed 9020K, reserved 1048576K
}
Event: 21.138 GC heap before
{Heap before GC invocations=15 (full 3):
 PSYoungGen      total 410112K, used 406035K [0x00000000e0000000, 0x0000000100000000, 0x0000000100000000)
  eden space 361472K, 100% used [0x00000000e0000000,0x00000000f6100000,0x00000000f6100000)
  from space 48640K, 91% used [0x00000000f6100000,0x00000000f8c84ec0,0x00000000f9080000)
  to   space 55296K, 0% used [0x00000000fca00000,0x00000000fca00000,0x0000000100000000)
 ParOldGen       total 193536K, used 88482K [0x00000000a0000000, 0x00000000abd00000, 0x00000000e0000000)
  object space 193536K, 45% used [0x00000000a0000000,0x00000000a5668998,0x00000000abd00000)
 Metaspace       used 66636K, capacity 69075K, committed 69268K, reserved 1110016K
  class space    used 8582K, capacity 9139K, committed 9148K, reserved 1048576K
Event: 21.232 GC heap after
Heap after GC invocations=15 (full 3):
 PSYoungGen      total 469504K, used 30300K [0x00000000e0000000, 0x0000000100000000, 0x0000000100000000)
  eden space 414208K, 0% used [0x00000000e0000000,0x00000000e0000000,0x00000000f9480000)
  from space 55296K, 54% used [0x00000000fca00000,0x00000000fe797160,0x0000000100000000)
  to   space 54784K, 0% used [0x00000000f9480000,0x00000000f9480000,0x00000000fca00000)
 ParOldGen       total 193536K, used 112959K [0x00000000a0000000, 0x00000000abd00000, 0x00000000e0000000)
  object space 193536K, 58% used [0x00000000a0000000,0x00000000a6e4ff00,0x00000000abd00000)
 Metaspace       used 66636K, capacity 69075K, committed 69268K, reserved 1110016K
  class space    used 8582K, capacity 9139K, committed 9148K, reserved 1048576K
}
Event: 23.971 GC heap before
{Heap before GC invocations=16 (full 3):
 PSYoungGen      total 469504K, used 444508K [0x00000000e0000000, 0x0000000100000000, 0x0000000100000000)
  eden space 414208K, 100% used [0x00000000e0000000,0x00000000f9480000,0x00000000f9480000)
  from space 55296K, 54% used [0x00000000fca00000,0x00000000fe797160,0x0000000100000000)
  to   space 54784K, 0% used [0x00000000f9480000,0x00000000f9480000,0x00000000fca00000)
 ParOldGen       total 193536K, used 112959K [0x00000000a0000000, 0x00000000abd00000, 0x00000000e0000000)
  object space 193536K, 58% used [0x00000000a0000000,0x00000000a6e4ff00,0x00000000abd00000)
 Metaspace       used 69799K, capacity 72297K, committed 72468K, reserved 1112064K
  class space    used 8854K, capacity 9428K, committed 9532K, reserved 1048576K
Event: 24.000 GC heap after
Heap after GC invocations=16 (full 3):
 PSYoungGen      total 436224K, used 21662K [0x00000000e0000000, 0x00000000ff980000, 0x0000000100000000)
  eden space 414208K, 0% used [0x00000000e0000000,0x00000000e0000000,0x00000000f9480000)
  from space 22016K, 98% used [0x00000000f9480000,0x00000000fa9a7ac0,0x00000000faa00000)
  to   space 51712K, 0% used [0x00000000fc700000,0x00000000fc700000,0x00000000ff980000)
 ParOldGen       total 193536K, used 132338K [0x00000000a0000000, 0x00000000abd00000, 0x00000000e0000000)
  object space 193536K, 68% used [0x00000000a0000000,0x00000000a813cb28,0x00000000abd00000)
 Metaspace       used 69799K, capacity 72297K, committed 72468K, reserved 1112064K
  class space    used 8854K, capacity 9428K, committed 9532K, reserved 1048576K
}
Event: 25.191 GC heap before
{Heap before GC invocations=17 (full 3):
 PSYoungGen      total 436224K, used 435870K [0x00000000e0000000, 0x00000000ff980000, 0x0000000100000000)
  eden space 414208K, 100% used [0x00000000e0000000,0x00000000f9480000,0x00000000f9480000)
  from space 22016K, 98% used [0x00000000f9480000,0x00000000fa9a7ac0,0x00000000faa00000)
  to   space 51712K, 0% used [0x00000000fc700000,0x00000000fc700000,0x00000000ff980000)
 ParOldGen       total 193536K, used 132338K [0x00000000a0000000, 0x00000000abd00000, 0x00000000e0000000)
  object space 193536K, 68% used [0x00000000a0000000,0x00000000a813cb28,0x00000000abd00000)
 Metaspace       used 69860K, capacity 72361K, committed 72468K, reserved 1112064K
  class space    used 8854K, capacity 9428K, committed 9532K, reserved 1048576K
Event: 25.204 GC heap after
Heap after GC invocations=17 (full 3):
 PSYoungGen      total 468480K, used 21562K [0x00000000e0000000, 0x0000000100000000, 0x0000000100000000)
  eden space 416768K, 0% used [0x00000000e0000000,0x00000000e0000000,0x00000000f9700000)
  from space 51712K, 41% used [0x00000000fc700000,0x00000000fdc0eb30,0x00000000ff980000)
  to   space 49152K, 0% used [0x00000000f9700000,0x00000000f9700000,0x00000000fc700000)
 ParOldGen       total 193536K, used 136740K [0x00000000a0000000, 0x00000000abd00000, 0x00000000e0000000)
  object space 193536K, 70% used [0x00000000a0000000,0x00000000a8589118,0x00000000abd00000)
 Metaspace       used 69860K, capacity 72361K, committed 72468K, reserved 1112064K
  class space    used 8854K, capacity 9428K, committed 9532K, reserved 1048576K
}
Event: 26.123 GC heap before
{Heap before GC invocations=18 (full 3):
 PSYoungGen      total 468480K, used 438330K [0x00000000e0000000, 0x0000000100000000, 0x0000000100000000)
  eden space 416768K, 100% used [0x00000000e0000000,0x00000000f9700000,0x00000000f9700000)
  from space 51712K, 41% used [0x00000000fc700000,0x00000000fdc0eb30,0x00000000ff980000)
  to   space 49152K, 0% used [0x00000000f9700000,0x00000000f9700000,0x00000000fc700000)
 ParOldGen       total 193536K, used 136740K [0x00000000a0000000, 0x00000000abd00000, 0x00000000e0000000)
  object space 193536K, 70% used [0x00000000a0000000,0x00000000a8589118,0x00000000abd00000)
 Metaspace       used 69932K, capacity 72425K, committed 72724K, reserved 1112064K
  class space    used 8854K, capacity 9428K, committed 9532K, reserved 1048576K
Event: 26.131 GC heap after
Heap after GC invocations=18 (full 3):
 PSYoungGen      total 465920K, used 17547K [0x00000000e0000000, 0x00000000ffa80000, 0x0000000100000000)
  eden space 416768K, 0% used [0x00000000e0000000,0x00000000e0000000,0x00000000f9700000)
  from space 49152K, 35% used [0x00000000f9700000,0x00000000fa822f78,0x00000000fc700000)
  to   space 47616K, 0% used [0x00000000fcc00000,0x00000000fcc00000,0x00000000ffa80000)
 ParOldGen       total 193536K, used 137020K [0x00000000a0000000, 0x00000000abd00000, 0x00000000e0000000)
  object space 193536K, 70% used [0x00000000a0000000,0x00000000a85cf118,0x00000000abd00000)
 Metaspace       used 69932K, capacity 72425K, committed 72724K, reserved 1112064K
  class space    used 8854K, capacity 9428K, committed 9532K, reserved 1048576K
}

